<?xml version="1.0" encoding="UTF-8"?>
<!-- Generated by org.testng.reporters.JUnitXMLReporter -->
<testsuite ignored="0" hostname="lENOVO-PC" failures="0" tests="4" name="listener test" time="122.953" errors="0" timestamp="2022-10-04T13:54:58 IST">
  <testcase classname="com.durgasoft.ecommerce.homepage.TC001_CustomerRegistration" name="CustomerRegistration" time="25.265">
    <skipped/>
  </testcase> <!-- CustomerRegistration -->
  <testcase classname="com.durgasoft.ecommerce.homepage.TC001_CustomerRegistration" name="CustomerRegistration" time="19.867">
    <skipped/>
  </testcase> <!-- CustomerRegistration -->
  <testcase classname="com.durgasoft.ecommerce.homepage.TC001_CustomerRegistration" name="CustomerRegistration" time="18.332">
    <skipped/>
  </testcase> <!-- CustomerRegistration -->
  <testcase classname="com.durgasoft.ecommerce.homepage.TC001_CustomerRegistration" name="CustomerRegistration" time="35.425"/>
</testsuite> <!-- listener test -->
